D:\code\pythonlib\acondalibs\alabaster\alabaster-0.7.7-py2.py3-none-any.whl ,download success£º +
D:\code\pythonlib\acondalibs\alabaster\alabaster-0.7.7.tar.gz ,download success£º +
D:\code\pythonlib\acondalibs\alabaster\alabaster-0.7.8-py2.py3-none-any.whl ,download success£º +
D:\code\pythonlib\acondalibs\alabaster\alabaster-0.7.8.tar.gz ,download success£º +
D:\code\pythonlib\acondalibs\alabaster\alabaster-0.7.9-py2.py3-none-any.whl ,download success£º +
D:\code\pythonlib\acondalibs\alabaster\alabaster-0.7.9.tar.gz ,download success£º +
D:\code\pythonlib\acondalibs\anyio\anyio-3.6.0-py3-none-any.whl ,download success£º +
D:\code\pythonlib\acondalibs\anyio\anyio-3.6.0.tar.gz ,download success£º +
D:\code\pythonlib\acondalibs\anyio\anyio-3.6.1-py3-none-any.whl ,download success£º +
D:\code\pythonlib\acondalibs\anyio\anyio-3.6.1.tar.gz ,download success£º +
D:\code\pythonlib\acondalibs\anyio\anyio-3.6.2-py3-none-any.whl ,download success£º +
D:\code\pythonlib\acondalibs\anyio\anyio-3.6.2.tar.gz ,download success£º +
D:\code\pythonlib\acondalibs\appdirs\appdirs-1.4.2-py2.py3-none-any.whl ,download success£º +
D:\code\pythonlib\acondalibs\appdirs\appdirs-1.4.2.tar.gz ,download success£º +
D:\code\pythonlib\acondalibs\appdirs\appdirs-1.4.3-py2.py3-none-any.whl ,download success£º +
D:\code\pythonlib\acondalibs\appdirs\appdirs-1.4.3.tar.gz ,download success£º +
D:\code\pythonlib\acondalibs\appdirs\appdirs-1.4.4-py2.py3-none-any.whl ,download success£º +
D:\code\pythonlib\acondalibs\appdirs\appdirs-1.4.4.tar.gz ,download success£º +
D:\code\pythonlib\acondalibs\argon2-cffi\argon2-cffi-21.1.0.tar.gz ,download success£º +
D:\code\pythonlib\acondalibs\argon2-cffi\argon2-cffi-21.2.0.tar.gz ,download success£º +
D:\code\pythonlib\acondalibs\argon2-cffi\argon2-cffi-21.3.0.tar.gz ,download success£º +
D:\code\pythonlib\acondalibs\argon2-cffi\argon2_cffi-21.1.0-cp35-abi3-macosx_10_14_x86_64.whl ,download success£º +
D:\code\pythonlib\acondalibs\argon2-cffi\argon2_cffi-21.1.0-cp35-abi3-manylinux_2_5_x86_64.manylinux1_x86_64.whl ,download success£º +
D:\code\pythonlib\acondalibs\argon2-cffi\argon2_cffi-21.1.0-cp35-abi3-win32.whl ,download success£º +
D:\code\pythonlib\acondalibs\argon2-cffi\argon2_cffi-21.1.0-cp35-abi3-win_amd64.whl ,download success£º +
D:\code\pythonlib\acondalibs\argon2-cffi\argon2_cffi-21.1.0-pp36-pypy36_pp73-macosx_10_7_x86_64.whl ,download success£º +
D:\code\pythonlib\acondalibs\argon2-cffi\argon2_cffi-21.1.0-pp36-pypy36_pp73-manylinux_2_5_x86_64.manylinux1_x86_64.manylinux_2_12_x86_64.manylinux2010_x86_64.whl ,download success£º +
D:\code\pythonlib\acondalibs\argon2-cffi\argon2_cffi-21.1.0-pp36-pypy36_pp73-win32.whl ,download success£º +
D:\code\pythonlib\acondalibs\argon2-cffi\argon2_cffi-21.1.0-pp37-pypy37_pp73-macosx_10_7_x86_64.whl ,download success£º +
D:\code\pythonlib\acondalibs\argon2-cffi\argon2_cffi-21.1.0-pp37-pypy37_pp73-manylinux_2_5_x86_64.manylinux1_x86_64.manylinux_2_12_x86_64.manylinux2010_x86_64.whl ,download success£º +
D:\code\pythonlib\acondalibs\argon2-cffi\argon2_cffi-21.1.0-pp37-pypy37_pp73-win_amd64.whl ,download success£º +
D:\code\pythonlib\acondalibs\argon2-cffi\argon2_cffi-21.2.0-py3-none-any.whl ,download success£º +
D:\code\pythonlib\acondalibs\argon2-cffi\argon2_cffi-21.3.0-py3-none-any.whl ,download success£º +
D:\code\pythonlib\acondalibs\argon2-cffi-bindings\argon2-cffi-bindings-21.1.0.tar.gz ,download success£º +
D:\code\pythonlib\acondalibs\argon2-cffi-bindings\argon2-cffi-bindings-21.2.0.tar.gz ,download success£º +
D:\code\pythonlib\acondalibs\argon2-cffi-bindings\argon2_cffi_bindings-21.1.0-cp36-abi3-macosx_10_9_x86_64.whl ,download success£º +
D:\code\pythonlib\acondalibs\argon2-cffi-bindings\argon2_cffi_bindings-21.1.0-cp36-abi3-manylinux_2_17_aarch64.manylinux2014_aarch64.whl ,download success£º +
D:\code\pythonlib\acondalibs\argon2-cffi-bindings\argon2_cffi_bindings-21.1.0-cp36-abi3-manylinux_2_17_x86_64.manylinux2014_x86_64.whl ,download success£º +
D:\code\pythonlib\acondalibs\argon2-cffi-bindings\argon2_cffi_bindings-21.1.0-cp36-abi3-manylinux_2_5_i686.manylinux1_i686.manylinux_2_17_i686.manylinux2014_i686.whl ,download success£º +
D:\code\pythonlib\acondalibs\argon2-cffi-bindings\argon2_cffi_bindings-21.1.0-cp36-abi3-musllinux_1_1_aarch64.whl ,download success£º +
D:\code\pythonlib\acondalibs\argon2-cffi-bindings\argon2_cffi_bindings-21.1.0-cp36-abi3-musllinux_1_1_i686.whl ,download success£º +
D:\code\pythonlib\acondalibs\argon2-cffi-bindings\argon2_cffi_bindings-21.1.0-cp36-abi3-musllinux_1_1_x86_64.whl ,download success£º +
D:\code\pythonlib\acondalibs\argon2-cffi-bindings\argon2_cffi_bindings-21.1.0-cp36-abi3-win32.whl ,download success£º +
D:\code\pythonlib\acondalibs\argon2-cffi-bindings\argon2_cffi_bindings-21.1.0-cp36-abi3-win_amd64.whl ,download success£º +
D:\code\pythonlib\acondalibs\argon2-cffi-bindings\argon2_cffi_bindings-21.1.0-pp37-pypy37_pp73-macosx_10_9_x86_64.whl ,download success£º +
D:\code\pythonlib\acondalibs\argon2-cffi-bindings\argon2_cffi_bindings-21.1.0-pp37-pypy37_pp73-manylinux_2_17_aarch64.manylinux2014_aarch64.whl ,download success£º +
D:\code\pythonlib\acondalibs\argon2-cffi-bindings\argon2_cffi_bindings-21.1.0-pp37-pypy37_pp73-manylinux_2_17_x86_64.manylinux2014_x86_64.whl ,download success£º +
D:\code\pythonlib\acondalibs\argon2-cffi-bindings\argon2_cffi_bindings-21.1.0-pp37-pypy37_pp73-manylinux_2_5_i686.manylinux1_i686.manylinux_2_17_i686.manylinux2014_i686.whl ,download success£º +
D:\code\pythonlib\acondalibs\argon2-cffi-bindings\argon2_cffi_bindings-21.1.0-pp37-pypy37_pp73-win_amd64.whl ,download success£º +
D:\code\pythonlib\acondalibs\argon2-cffi-bindings\argon2_cffi_bindings-21.1.0-pp38-pypy38_pp73-macosx_10_9_x86_64.whl ,download success£º +
D:\code\pythonlib\acondalibs\argon2-cffi-bindings\argon2_cffi_bindings-21.1.0-pp38-pypy38_pp73-manylinux_2_17_aarch64.manylinux2014_aarch64.whl ,download success£º +
D:\code\pythonlib\acondalibs\argon2-cffi-bindings\argon2_cffi_bindings-21.1.0-pp38-pypy38_pp73-manylinux_2_17_x86_64.manylinux2014_x86_64.whl ,download success£º +
D:\code\pythonlib\acondalibs\argon2-cffi-bindings\argon2_cffi_bindings-21.1.0-pp38-pypy38_pp73-manylinux_2_5_i686.manylinux1_i686.manylinux_2_17_i686.manylinux2014_i686.whl ,download success£º +
D:\code\pythonlib\acondalibs\argon2-cffi-bindings\argon2_cffi_bindings-21.1.0-pp38-pypy38_pp73-win_amd64.whl ,download success£º +
D:\code\pythonlib\acondalibs\argon2-cffi-bindings\argon2_cffi_bindings-21.2.0-cp36-abi3-macosx_10_9_x86_64.whl ,download success£º +
D:\code\pythonlib\acondalibs\argon2-cffi-bindings\argon2_cffi_bindings-21.2.0-cp36-abi3-manylinux_2_17_aarch64.manylinux2014_aarch64.whl ,download success£º +
D:\code\pythonlib\acondalibs\argon2-cffi-bindings\argon2_cffi_bindings-21.2.0-cp36-abi3-manylinux_2_17_x86_64.manylinux2014_x86_64.whl ,download success£º +
D:\code\pythonlib\acondalibs\argon2-cffi-bindings\argon2_cffi_bindings-21.2.0-cp36-abi3-manylinux_2_5_i686.manylinux1_i686.manylinux_2_17_i686.manylinux2014_i686.whl ,download success£º +
D:\code\pythonlib\acondalibs\argon2-cffi-bindings\argon2_cffi_bindings-21.2.0-cp36-abi3-musllinux_1_1_aarch64.whl ,download success£º +
D:\code\pythonlib\acondalibs\argon2-cffi-bindings\argon2_cffi_bindings-21.2.0-cp36-abi3-musllinux_1_1_i686.whl ,download success£º +
D:\code\pythonlib\acondalibs\argon2-cffi-bindings\argon2_cffi_bindings-21.2.0-cp36-abi3-musllinux_1_1_x86_64.whl ,download success£º +
D:\code\pythonlib\acondalibs\argon2-cffi-bindings\argon2_cffi_bindings-21.2.0-cp36-abi3-win32.whl ,download success£º +
D:\code\pythonlib\acondalibs\argon2-cffi-bindings\argon2_cffi_bindings-21.2.0-cp36-abi3-win_amd64.whl ,download success£º +
D:\code\pythonlib\acondalibs\argon2-cffi-bindings\argon2_cffi_bindings-21.2.0-cp38-abi3-macosx_10_9_universal2.whl ,download success£º +
D:\code\pythonlib\acondalibs\argon2-cffi-bindings\argon2_cffi_bindings-21.2.0-pp37-pypy37_pp73-macosx_10_9_x86_64.whl ,download success£º +
D:\code\pythonlib\acondalibs\argon2-cffi-bindings\argon2_cffi_bindings-21.2.0-pp37-pypy37_pp73-manylinux_2_17_aarch64.manylinux2014_aarch64.whl ,download success£º +
D:\code\pythonlib\acondalibs\argon2-cffi-bindings\argon2_cffi_bindings-21.2.0-pp37-pypy37_pp73-manylinux_2_17_x86_64.manylinux2014_x86_64.whl ,download success£º +
D:\code\pythonlib\acondalibs\argon2-cffi-bindings\argon2_cffi_bindings-21.2.0-pp37-pypy37_pp73-manylinux_2_5_i686.manylinux1_i686.manylinux_2_17_i686.manylinux2014_i686.whl ,download success£º +
D:\code\pythonlib\acondalibs\argon2-cffi-bindings\argon2_cffi_bindings-21.2.0-pp37-pypy37_pp73-win_amd64.whl ,download success£º +
D:\code\pythonlib\acondalibs\argon2-cffi-bindings\argon2_cffi_bindings-21.2.0-pp38-pypy38_pp73-macosx_10_9_x86_64.whl ,download success£º +
D:\code\pythonlib\acondalibs\argon2-cffi-bindings\argon2_cffi_bindings-21.2.0-pp38-pypy38_pp73-manylinux_2_17_aarch64.manylinux2014_aarch64.whl ,download success£º +
D:\code\pythonlib\acondalibs\argon2-cffi-bindings\argon2_cffi_bindings-21.2.0-pp38-pypy38_pp73-manylinux_2_17_x86_64.manylinux2014_x86_64.whl ,download success£º +
D:\code\pythonlib\acondalibs\argon2-cffi-bindings\argon2_cffi_bindings-21.2.0-pp38-pypy38_pp73-manylinux_2_5_i686.manylinux1_i686.manylinux_2_17_i686.manylinux2014_i686.whl ,download success£º +
D:\code\pythonlib\acondalibs\argon2-cffi-bindings\argon2_cffi_bindings-21.2.0-pp38-pypy38_pp73-win_amd64.whl ,download success£º +
D:\code\pythonlib\acondalibs\arrow\arrow-1.2.1-py3-none-any.whl ,download success£º +
D:\code\pythonlib\acondalibs\arrow\arrow-1.2.1.tar.gz ,download success£º +
D:\code\pythonlib\acondalibs\arrow\arrow-1.2.2-py3-none-any.whl ,download success£º +
D:\code\pythonlib\acondalibs\arrow\arrow-1.2.2.tar.gz ,download success£º +
D:\code\pythonlib\acondalibs\arrow\arrow-1.2.3-py3-none-any.whl ,download success£º +
D:\code\pythonlib\acondalibs\arrow\arrow-1.2.3.tar.gz ,download success£º +
D:\code\pythonlib\acondalibs\astroid\astroid-2.9.1-py3-none-any.whl ,download success£º +
D:\code\pythonlib\acondalibs\astroid\astroid-2.9.1.tar.gz ,download success£º +
D:\code\pythonlib\acondalibs\astroid\astroid-2.9.2-py3-none-any.whl ,download success£º +
D:\code\pythonlib\acondalibs\astroid\astroid-2.9.2.tar.gz ,download success£º +
D:\code\pythonlib\acondalibs\astroid\astroid-2.9.3-py3-none-any.whl ,download success£º +
D:\code\pythonlib\acondalibs\astroid\astroid-2.9.3.tar.gz ,download success£º +
D:\code\pythonlib\acondalibs\astropy\astropy-5.1.1-cp310-cp310-macosx_10_9_x86_64.whl ,download success£º +
D:\code\pythonlib\acondalibs\astropy\astropy-5.1.1-cp310-cp310-macosx_11_0_arm64.whl ,download success£º +
D:\code\pythonlib\acondalibs\astropy\astropy-5.1.1-cp310-cp310-manylinux_2_12_x86_64.manylinux2010_x86_64.whl ,download success£º +
D:\code\pythonlib\acondalibs\astropy\astropy-5.1.1-cp310-cp310-manylinux_2_17_aarch64.manylinux2014_aarch64.whl ,download success£º +
D:\code\pythonlib\acondalibs\astropy\astropy-5.1.1-cp310-cp310-musllinux_1_1_x86_64.whl ,download success£º +
D:\code\pythonlib\acondalibs\astropy\astropy-5.1.1-cp310-cp310-win32.whl ,download success£º +
D:\code\pythonlib\acondalibs\astropy\astropy-5.1.1-cp310-cp310-win_amd64.whl ,download success£º +
D:\code\pythonlib\acondalibs\astropy\astropy-5.1.1-cp311-cp311-macosx_10_9_x86_64.whl ,download success£º +
D:\code\pythonlib\acondalibs\astropy\astropy-5.1.1-cp311-cp311-macosx_11_0_arm64.whl ,download success£º +
D:\code\pythonlib\acondalibs\astropy\astropy-5.1.1-cp311-cp311-manylinux_2_17_aarch64.manylinux2014_aarch64.whl ,download success£º +
D:\code\pythonlib\acondalibs\astropy\astropy-5.1.1-cp311-cp311-manylinux_2_17_x86_64.manylinux2014_x86_64.whl ,download success£º +
D:\code\pythonlib\acondalibs\astropy\astropy-5.1.1-cp311-cp311-musllinux_1_1_x86_64.whl ,download success£º +
D:\code\pythonlib\acondalibs\astropy\astropy-5.1.1-cp311-cp311-win32.whl ,download success£º +
D:\code\pythonlib\acondalibs\astropy\astropy-5.1.1-cp311-cp311-win_amd64.whl ,download success£º +
D:\code\pythonlib\acondalibs\astropy\astropy-5.1.1-cp38-cp38-macosx_10_9_x86_64.whl ,download success£º +
D:\code\pythonlib\acondalibs\astropy\astropy-5.1.1-cp38-cp38-macosx_11_0_arm64.whl ,download success£º +
D:\code\pythonlib\acondalibs\astropy\astropy-5.1.1-cp38-cp38-manylinux_2_12_i686.manylinux2010_i686.whl ,download success£º +
D:\code\pythonlib\acondalibs\astropy\astropy-5.1.1-cp38-cp38-manylinux_2_12_x86_64.manylinux2010_x86_64.whl ,download success£º +
D:\code\pythonlib\acondalibs\astropy\astropy-5.1.1-cp38-cp38-manylinux_2_17_aarch64.manylinux2014_aarch64.whl ,download success£º +
D:\code\pythonlib\acondalibs\astropy\astropy-5.1.1-cp38-cp38-musllinux_1_1_x86_64.whl ,download success£º +
D:\code\pythonlib\acondalibs\astropy\astropy-5.1.1-cp38-cp38-win32.whl ,download success£º +
D:\code\pythonlib\acondalibs\astropy\astropy-5.1.1-cp38-cp38-win_amd64.whl ,download success£º +
D:\code\pythonlib\acondalibs\astropy\astropy-5.1.1-cp39-cp39-macosx_10_9_x86_64.whl ,download success£º +
D:\code\pythonlib\acondalibs\astropy\astropy-5.1.1-cp39-cp39-macosx_11_0_arm64.whl ,download success£º +
D:\code\pythonlib\acondalibs\astropy\astropy-5.1.1-cp39-cp39-manylinux_2_12_i686.manylinux2010_i686.whl ,download success£º +
D:\code\pythonlib\acondalibs\astropy\astropy-5.1.1-cp39-cp39-manylinux_2_12_x86_64.manylinux2010_x86_64.whl ,download success£º +
D:\code\pythonlib\acondalibs\astropy\astropy-5.1.1-cp39-cp39-manylinux_2_17_aarch64.manylinux2014_aarch64.whl ,download success£º +
D:\code\pythonlib\acondalibs\astropy\astropy-5.1.1-cp39-cp39-musllinux_1_1_x86_64.whl ,download success£º +
D:\code\pythonlib\acondalibs\astropy\astropy-5.1.1-cp39-cp39-win32.whl ,download success£º +
D:\code\pythonlib\acondalibs\astropy\astropy-5.1.1-cp39-cp39-win_amd64.whl ,download success£º +
D:\code\pythonlib\acondalibs\astropy\astropy-5.1.1.tar.gz ,download success£º +
D:\code\pythonlib\acondalibs\astropy\astropy-5.2-cp310-cp310-macosx_10_9_x86_64.whl ,download success£º +
D:\code\pythonlib\acondalibs\astropy\astropy-5.2-cp310-cp310-macosx_11_0_arm64.whl ,download success£º +
D:\code\pythonlib\acondalibs\astropy\astropy-5.2-cp310-cp310-manylinux_2_12_x86_64.manylinux2010_x86_64.whl ,download success£º +
D:\code\pythonlib\acondalibs\astropy\astropy-5.2-cp310-cp310-manylinux_2_17_aarch64.manylinux2014_aarch64.whl ,download success£º +
D:\code\pythonlib\acondalibs\astropy\astropy-5.2-cp310-cp310-musllinux_1_1_x86_64.whl ,download success£º +
D:\code\pythonlib\acondalibs\astropy\astropy-5.2-cp310-cp310-win32.whl ,download success£º +
D:\code\pythonlib\acondalibs\astropy\astropy-5.2-cp310-cp310-win_amd64.whl ,download success£º +
D:\code\pythonlib\acondalibs\astropy\astropy-5.2-cp311-cp311-macosx_10_9_x86_64.whl ,download success£º +
D:\code\pythonlib\acondalibs\astropy\astropy-5.2-cp311-cp311-macosx_11_0_arm64.whl ,download success£º +
D:\code\pythonlib\acondalibs\astropy\astropy-5.2-cp311-cp311-manylinux_2_17_aarch64.manylinux2014_aarch64.whl ,download success£º +
D:\code\pythonlib\acondalibs\astropy\astropy-5.2-cp311-cp311-manylinux_2_17_x86_64.manylinux2014_x86_64.whl ,download success£º +
D:\code\pythonlib\acondalibs\astropy\astropy-5.2-cp311-cp311-musllinux_1_1_x86_64.whl ,download success£º +
D:\code\pythonlib\acondalibs\astropy\astropy-5.2-cp311-cp311-win32.whl ,download success£º +
D:\code\pythonlib\acondalibs\astropy\astropy-5.2-cp311-cp311-win_amd64.whl ,download success£º +
D:\code\pythonlib\acondalibs\astropy\astropy-5.2-cp38-cp38-macosx_10_9_x86_64.whl ,download success£º +
D:\code\pythonlib\acondalibs\astropy\astropy-5.2-cp38-cp38-macosx_11_0_arm64.whl ,download success£º +
D:\code\pythonlib\acondalibs\astropy\astropy-5.2-cp38-cp38-manylinux_2_12_i686.manylinux2010_i686.whl ,download success£º +
D:\code\pythonlib\acondalibs\astropy\astropy-5.2-cp38-cp38-manylinux_2_12_x86_64.manylinux2010_x86_64.whl ,download success£º +
D:\code\pythonlib\acondalibs\astropy\astropy-5.2-cp38-cp38-manylinux_2_17_aarch64.manylinux2014_aarch64.whl ,download success£º +
D:\code\pythonlib\acondalibs\astropy\astropy-5.2-cp38-cp38-musllinux_1_1_x86_64.whl ,download success£º +
D:\code\pythonlib\acondalibs\astropy\astropy-5.2-cp38-cp38-win32.whl ,download success£º +
D:\code\pythonlib\acondalibs\astropy\astropy-5.2-cp38-cp38-win_amd64.whl ,download success£º +
D:\code\pythonlib\acondalibs\astropy\astropy-5.2-cp39-cp39-macosx_10_9_x86_64.whl ,download success£º +
D:\code\pythonlib\acondalibs\astropy\astropy-5.2-cp39-cp39-macosx_11_0_arm64.whl ,download success£º +
D:\code\pythonlib\acondalibs\astropy\astropy-5.2-cp39-cp39-manylinux_2_12_i686.manylinux2010_i686.whl ,download success£º +
D:\code\pythonlib\acondalibs\astropy\astropy-5.2-cp39-cp39-manylinux_2_12_x86_64.manylinux2010_x86_64.whl ,download success£º +
D:\code\pythonlib\acondalibs\astropy\astropy-5.2-cp39-cp39-manylinux_2_17_aarch64.manylinux2014_aarch64.whl ,download success£º +
D:\code\pythonlib\acondalibs\astropy\astropy-5.2-cp39-cp39-musllinux_1_1_x86_64.whl ,download success£º +
D:\code\pythonlib\acondalibs\astropy\astropy-5.2-cp39-cp39-win32.whl ,download success£º +
D:\code\pythonlib\acondalibs\astropy\astropy-5.2-cp39-cp39-win_amd64.whl ,download success£º +
D:\code\pythonlib\acondalibs\astropy\astropy-5.2.1-cp310-cp310-macosx_10_9_x86_64.whl ,download success£º +
D:\code\pythonlib\acondalibs\astropy\astropy-5.2.1-cp310-cp310-macosx_11_0_arm64.whl ,download success£º +
D:\code\pythonlib\acondalibs\astropy\astropy-5.2.1-cp310-cp310-manylinux_2_12_x86_64.manylinux2010_x86_64.whl ,download success£º +
D:\code\pythonlib\acondalibs\astropy\astropy-5.2.1-cp310-cp310-manylinux_2_17_aarch64.manylinux2014_aarch64.whl ,download success£º +
D:\code\pythonlib\acondalibs\astropy\astropy-5.2.1-cp310-cp310-musllinux_1_1_x86_64.whl ,download success£º +
D:\code\pythonlib\acondalibs\astropy\astropy-5.2.1-cp310-cp310-win32.whl ,download success£º +
D:\code\pythonlib\acondalibs\astropy\astropy-5.2.1-cp310-cp310-win_amd64.whl ,download success£º +
D:\code\pythonlib\acondalibs\astropy\astropy-5.2.1-cp311-cp311-macosx_10_9_x86_64.whl ,download success£º +
D:\code\pythonlib\acondalibs\astropy\astropy-5.2.1-cp311-cp311-macosx_11_0_arm64.whl ,download success£º +
D:\code\pythonlib\acondalibs\astropy\astropy-5.2.1-cp311-cp311-manylinux_2_17_aarch64.manylinux2014_aarch64.whl ,download success£º +
D:\code\pythonlib\acondalibs\astropy\astropy-5.2.1-cp311-cp311-manylinux_2_17_x86_64.manylinux2014_x86_64.whl ,download success£º +
D:\code\pythonlib\acondalibs\astropy\astropy-5.2.1-cp311-cp311-musllinux_1_1_x86_64.whl ,download success£º +
D:\code\pythonlib\acondalibs\astropy\astropy-5.2.1-cp311-cp311-win32.whl ,download success£º +
D:\code\pythonlib\acondalibs\astropy\astropy-5.2.1-cp311-cp311-win_amd64.whl ,download success£º +
D:\code\pythonlib\acondalibs\astropy\astropy-5.2.1-cp38-cp38-macosx_10_9_x86_64.whl ,download success£º +
D:\code\pythonlib\acondalibs\astropy\astropy-5.2.1-cp38-cp38-macosx_11_0_arm64.whl ,download success£º +
D:\code\pythonlib\acondalibs\astropy\astropy-5.2.1-cp38-cp38-manylinux_2_12_i686.manylinux2010_i686.whl ,download success£º +
D:\code\pythonlib\acondalibs\astropy\astropy-5.2.1-cp38-cp38-manylinux_2_12_x86_64.manylinux2010_x86_64.whl ,download success£º +
D:\code\pythonlib\acondalibs\astropy\astropy-5.2.1-cp38-cp38-manylinux_2_17_aarch64.manylinux2014_aarch64.whl ,download success£º +
D:\code\pythonlib\acondalibs\astropy\astropy-5.2.1-cp38-cp38-musllinux_1_1_x86_64.whl ,download success£º +
D:\code\pythonlib\acondalibs\astropy\astropy-5.2.1-cp38-cp38-win32.whl ,download success£º +
D:\code\pythonlib\acondalibs\astropy\astropy-5.2.1-cp38-cp38-win_amd64.whl ,download success£º +
D:\code\pythonlib\acondalibs\astropy\astropy-5.2.1-cp39-cp39-macosx_10_9_x86_64.whl ,download success£º +
D:\code\pythonlib\acondalibs\astropy\astropy-5.2.1-cp39-cp39-macosx_11_0_arm64.whl ,download success£º +
D:\code\pythonlib\acondalibs\astropy\astropy-5.2.1-cp39-cp39-manylinux_2_12_i686.manylinux2010_i686.whl ,download success£º +
D:\code\pythonlib\acondalibs\astropy\astropy-5.2.1-cp39-cp39-manylinux_2_12_x86_64.manylinux2010_x86_64.whl ,download success£º +
D:\code\pythonlib\acondalibs\astropy\astropy-5.2.1-cp39-cp39-manylinux_2_17_aarch64.manylinux2014_aarch64.whl ,download success£º +
D:\code\pythonlib\acondalibs\astropy\astropy-5.2.1-cp39-cp39-musllinux_1_1_x86_64.whl ,download success£º +
D:\code\pythonlib\acondalibs\astropy\astropy-5.2.1-cp39-cp39-win32.whl ,download success£º +
D:\code\pythonlib\acondalibs\astropy\astropy-5.2.1-cp39-cp39-win_amd64.whl ,download success£º +
D:\code\pythonlib\acondalibs\astropy\astropy-5.2.1.tar.gz ,download success£º +
D:\code\pythonlib\acondalibs\astropy\astropy-5.2.dev0-cp310-cp310-macosx_10_9_x86_64.whl ,download success£º +
D:\code\pythonlib\acondalibs\astropy\astropy-5.2.dev0-cp310-cp310-macosx_11_0_arm64.whl ,download success£º +
D:\code\pythonlib\acondalibs\astropy\astropy-5.2.dev0-cp310-cp310-manylinux_2_12_x86_64.manylinux2010_x86_64.whl ,download success£º +
D:\code\pythonlib\acondalibs\astropy\astropy-5.2.dev0-cp310-cp310-win32.whl ,download success£º +
D:\code\pythonlib\acondalibs\astropy\astropy-5.2.dev0-cp310-cp310-win_amd64.whl ,download success£º +
D:\code\pythonlib\acondalibs\astropy\astropy-5.2.dev0-cp38-cp38-macosx_10_9_x86_64.whl ,download success£º +
D:\code\pythonlib\acondalibs\astropy\astropy-5.2.dev0-cp38-cp38-macosx_11_0_arm64.whl ,download success£º +
D:\code\pythonlib\acondalibs\astropy\astropy-5.2.dev0-cp38-cp38-manylinux_2_12_i686.manylinux2010_i686.whl ,download success£º +
D:\code\pythonlib\acondalibs\astropy\astropy-5.2.dev0-cp38-cp38-manylinux_2_12_x86_64.manylinux2010_x86_64.whl ,download success£º +
D:\code\pythonlib\acondalibs\astropy\astropy-5.2.dev0-cp38-cp38-win32.whl ,download success£º +
D:\code\pythonlib\acondalibs\astropy\astropy-5.2.dev0-cp38-cp38-win_amd64.whl ,download success£º +
D:\code\pythonlib\acondalibs\astropy\astropy-5.2.dev0-cp39-cp39-macosx_10_9_x86_64.whl ,download success£º +
D:\code\pythonlib\acondalibs\astropy\astropy-5.2.dev0-cp39-cp39-macosx_11_0_arm64.whl ,download success£º +
D:\code\pythonlib\acondalibs\astropy\astropy-5.2.dev0-cp39-cp39-manylinux_2_12_i686.manylinux2010_i686.whl ,download success£º +
D:\code\pythonlib\acondalibs\astropy\astropy-5.2.dev0-cp39-cp39-manylinux_2_12_x86_64.manylinux2010_x86_64.whl ,download success£º +
D:\code\pythonlib\acondalibs\astropy\astropy-5.2.dev0-cp39-cp39-win32.whl ,download success£º +
D:\code\pythonlib\acondalibs\astropy\astropy-5.2.dev0-cp39-cp39-win_amd64.whl ,download success£º +
D:\code\pythonlib\acondalibs\astropy\astropy-5.2.dev0.tar.gz ,download success£º +
D:\code\pythonlib\acondalibs\astropy\astropy-5.2.tar.gz ,download success£º +
D:\code\pythonlib\acondalibs\astropy\astropy-5.2rc1-cp310-cp310-macosx_10_9_x86_64.whl ,download success£º +
D:\code\pythonlib\acondalibs\astropy\astropy-5.2rc1-cp310-cp310-macosx_11_0_arm64.whl ,download success£º +
D:\code\pythonlib\acondalibs\astropy\astropy-5.2rc1-cp310-cp310-manylinux_2_12_x86_64.manylinux2010_x86_64.whl ,download success£º +
D:\code\pythonlib\acondalibs\astropy\astropy-5.2rc1-cp310-cp310-manylinux_2_17_aarch64.manylinux2014_aarch64.whl ,download success£º +
D:\code\pythonlib\acondalibs\astropy\astropy-5.2rc1-cp310-cp310-musllinux_1_1_x86_64.whl ,download success£º +
D:\code\pythonlib\acondalibs\astropy\astropy-5.2rc1-cp310-cp310-win32.whl ,download success£º +
D:\code\pythonlib\acondalibs\astropy\astropy-5.2rc1-cp310-cp310-win_amd64.whl ,download success£º +
D:\code\pythonlib\acondalibs\astropy\astropy-5.2rc1-cp311-cp311-macosx_10_9_x86_64.whl ,download success£º +
D:\code\pythonlib\acondalibs\astropy\astropy-5.2rc1-cp311-cp311-macosx_11_0_arm64.whl ,download success£º +
D:\code\pythonlib\acondalibs\astropy\astropy-5.2rc1-cp311-cp311-manylinux_2_17_aarch64.manylinux2014_aarch64.whl ,download success£º +
D:\code\pythonlib\acondalibs\astropy\astropy-5.2rc1-cp311-cp311-manylinux_2_17_x86_64.manylinux2014_x86_64.whl ,download success£º +
D:\code\pythonlib\acondalibs\astropy\astropy-5.2rc1-cp311-cp311-musllinux_1_1_x86_64.whl ,download success£º +
D:\code\pythonlib\acondalibs\astropy\astropy-5.2rc1-cp311-cp311-win32.whl ,download success£º +
D:\code\pythonlib\acondalibs\astropy\astropy-5.2rc1-cp311-cp311-win_amd64.whl ,download success£º +
D:\code\pythonlib\acondalibs\astropy\astropy-5.2rc1-cp38-cp38-macosx_10_9_x86_64.whl ,download success£º +
D:\code\pythonlib\acondalibs\astropy\astropy-5.2rc1-cp38-cp38-macosx_11_0_arm64.whl ,download success£º +
D:\code\pythonlib\acondalibs\astropy\astropy-5.2rc1-cp38-cp38-manylinux_2_12_i686.manylinux2010_i686.whl ,download success£º +
D:\code\pythonlib\acondalibs\astropy\astropy-5.2rc1-cp38-cp38-manylinux_2_12_x86_64.manylinux2010_x86_64.whl ,download success£º +
D:\code\pythonlib\acondalibs\astropy\astropy-5.2rc1-cp38-cp38-manylinux_2_17_aarch64.manylinux2014_aarch64.whl ,download success£º +
D:\code\pythonlib\acondalibs\astropy\astropy-5.2rc1-cp38-cp38-musllinux_1_1_x86_64.whl ,download success£º +
D:\code\pythonlib\acondalibs\astropy\astropy-5.2rc1-cp38-cp38-win32.whl ,download success£º +
D:\code\pythonlib\acondalibs\astropy\astropy-5.2rc1-cp38-cp38-win_amd64.whl ,download success£º +
D:\code\pythonlib\acondalibs\astropy\astropy-5.2rc1-cp39-cp39-macosx_10_9_x86_64.whl ,download success£º +
D:\code\pythonlib\acondalibs\astropy\astropy-5.2rc1-cp39-cp39-macosx_11_0_arm64.whl ,download success£º +
D:\code\pythonlib\acondalibs\astropy\astropy-5.2rc1-cp39-cp39-manylinux_2_12_i686.manylinux2010_i686.whl ,download success£º +
D:\code\pythonlib\acondalibs\astropy\astropy-5.2rc1-cp39-cp39-manylinux_2_12_x86_64.manylinux2010_x86_64.whl ,download success£º +
D:\code\pythonlib\acondalibs\astropy\astropy-5.2rc1-cp39-cp39-manylinux_2_17_aarch64.manylinux2014_aarch64.whl ,download success£º +
D:\code\pythonlib\acondalibs\astropy\astropy-5.2rc1-cp39-cp39-musllinux_1_1_x86_64.whl ,download success£º +
D:\code\pythonlib\acondalibs\astropy\astropy-5.2rc1-cp39-cp39-win32.whl ,download success£º +
D:\code\pythonlib\acondalibs\astropy\astropy-5.2rc1-cp39-cp39-win_amd64.whl ,download success£º +
D:\code\pythonlib\acondalibs\astropy\astropy-5.2rc1.tar.gz ,download success£º +
D:\code\pythonlib\acondalibs\atomicwrites\atomicwrites-1.2.1-py2.py3-none-any.whl ,download success£º +
D:\code\pythonlib\acondalibs\atomicwrites\atomicwrites-1.2.1.tar.gz ,download success£º +
D:\code\pythonlib\acondalibs\atomicwrites\atomicwrites-1.3.0-py2.py3-none-any.whl ,download success£º +
D:\code\pythonlib\acondalibs\atomicwrites\atomicwrites-1.3.0.tar.gz ,download success£º +
D:\code\pythonlib\acondalibs\atomicwrites\atomicwrites-1.4.0-py2.py3-none-any.whl ,download success£º +
D:\code\pythonlib\acondalibs\atomicwrites\atomicwrites-1.4.0.tar.gz ,download success£º +
D:\code\pythonlib\acondalibs\attrs\attrs-21.4.0-py2.py3-none-any.whl ,download success£º +
D:\code\pythonlib\acondalibs\attrs\attrs-21.4.0.tar.gz ,download success£º +
D:\code\pythonlib\acondalibs\attrs\attrs-22.1.0-py2.py3-none-any.whl ,download success£º +
D:\code\pythonlib\acondalibs\attrs\attrs-22.1.0.tar.gz ,download success£º +
D:\code\pythonlib\acondalibs\attrs\attrs-22.2.0-py3-none-any.whl ,download success£º +
D:\code\pythonlib\acondalibs\attrs\attrs-22.2.0.tar.gz ,download success£º +
D:\code\pythonlib\acondalibs\automat\Automat-0.8.0-py2.py3-none-any.whl ,download success£º +
D:\code\pythonlib\acondalibs\automat\Automat-0.8.0.tar.gz ,download success£º +
D:\code\pythonlib\acondalibs\automat\Automat-20.2.0-py2.py3-none-any.whl ,download success£º +
D:\code\pythonlib\acondalibs\automat\Automat-20.2.0.tar.gz ,download success£º +
D:\code\pythonlib\acondalibs\automat\Automat-22.10.0-py2.py3-none-any.whl ,download success£º +
D:\code\pythonlib\acondalibs\automat\Automat-22.10.0.tar.gz ,download success£º +
D:\code\pythonlib\acondalibs\autopep8\autopep8-1.7.1-py2.py3-none-any.whl ,download success£º +
D:\code\pythonlib\acondalibs\autopep8\autopep8-1.7.1.tar.gz ,download success£º +
D:\code\pythonlib\acondalibs\autopep8\autopep8-2.0.0-py2.py3-none-any.whl ,download success£º +
D:\code\pythonlib\acondalibs\autopep8\autopep8-2.0.0.tar.gz ,download success£º +
D:\code\pythonlib\acondalibs\autopep8\autopep8-2.0.1-py2.py3-none-any.whl ,download success£º +
D:\code\pythonlib\acondalibs\autopep8\autopep8-2.0.1.tar.gz ,download success£º +
D:\code\pythonlib\acondalibs\babel\Babel-2.8.1-py2.py3-none-any.whl ,download success£º +
D:\code\pythonlib\acondalibs\babel\Babel-2.8.1.tar.gz ,download success£º +
D:\code\pythonlib\acondalibs\babel\Babel-2.9.0-py2.py3-none-any.whl ,download success£º +
D:\code\pythonlib\acondalibs\babel\Babel-2.9.0.tar.gz ,download success£º +
D:\code\pythonlib\acondalibs\babel\Babel-2.9.1-py2.py3-none-any.whl ,download success£º +
D:\code\pythonlib\acondalibs\babel\Babel-2.9.1.tar.gz ,download success£º +
D:\code\pythonlib\acondalibs\backcall\backcall-0.1.0.tar.gz ,download success£º +
D:\code\pythonlib\acondalibs\backcall\backcall-0.1.0.zip ,download success£º +
D:\code\pythonlib\acondalibs\backcall\backcall-0.2.0-py2.py3-none-any.whl ,download success£º +
D:\code\pythonlib\acondalibs\backcall\backcall-0.2.0.tar.gz ,download success£º +
D:\code\pythonlib\acondalibs\bcrypt\bcrypt-3.2.2-cp36-abi3-macosx_10_10_universal2.whl ,download success£º +
D:\code\pythonlib\acondalibs\bcrypt\bcrypt-3.2.2-cp36-abi3-manylinux_2_17_aarch64.manylinux2014_aarch64.manylinux_2_24_aarch64.whl ,download success£º +
D:\code\pythonlib\acondalibs\bcrypt\bcrypt-3.2.2-cp36-abi3-manylinux_2_17_aarch64.manylinux2014_aarch64.whl ,download success£º +
D:\code\pythonlib\acondalibs\bcrypt\bcrypt-3.2.2-cp36-abi3-manylinux_2_17_x86_64.manylinux2014_x86_64.manylinux_2_24_x86_64.whl ,download success£º +
D:\code\pythonlib\acondalibs\bcrypt\bcrypt-3.2.2-cp36-abi3-manylinux_2_17_x86_64.manylinux2014_x86_64.whl ,download success£º +
D:\code\pythonlib\acondalibs\bcrypt\bcrypt-3.2.2-cp36-abi3-manylinux_2_5_x86_64.manylinux1_x86_64.manylinux_2_12_x86_64.manylinux2010_x86_64.whl ,download success£º +
D:\code\pythonlib\acondalibs\bcrypt\bcrypt-3.2.2-cp36-abi3-musllinux_1_1_aarch64.whl ,download success£º +
D:\code\pythonlib\acondalibs\bcrypt\bcrypt-3.2.2-cp36-abi3-musllinux_1_1_x86_64.whl ,download success£º +
D:\code\pythonlib\acondalibs\bcrypt\bcrypt-3.2.2-cp36-abi3-win32.whl ,download success£º +
D:\code\pythonlib\acondalibs\bcrypt\bcrypt-3.2.2-cp36-abi3-win_amd64.whl ,download success£º +
D:\code\pythonlib\acondalibs\bcrypt\bcrypt-3.2.2.tar.gz ,download success£º +
D:\code\pythonlib\acondalibs\bcrypt\bcrypt-4.0.0-cp36-abi3-macosx_10_10_universal2.whl ,download success£º +
D:\code\pythonlib\acondalibs\bcrypt\bcrypt-4.0.0-cp36-abi3-manylinux_2_17_aarch64.manylinux2014_aarch64.manylinux_2_24_aarch64.whl ,download success£º +
D:\code\pythonlib\acondalibs\bcrypt\bcrypt-4.0.0-cp36-abi3-manylinux_2_17_aarch64.manylinux2014_aarch64.whl ,download success£º +
D:\code\pythonlib\acondalibs\bcrypt\bcrypt-4.0.0-cp36-abi3-manylinux_2_17_x86_64.manylinux2014_x86_64.whl ,download success£º +
D:\code\pythonlib\acondalibs\bcrypt\bcrypt-4.0.0-cp36-abi3-manylinux_2_24_x86_64.whl ,download success£º +
D:\code\pythonlib\acondalibs\bcrypt\bcrypt-4.0.0-cp36-abi3-manylinux_2_28_aarch64.whl ,download success£º +
D:\code\pythonlib\acondalibs\bcrypt\bcrypt-4.0.0-cp36-abi3-manylinux_2_28_x86_64.whl ,download success£º +
D:\code\pythonlib\acondalibs\bcrypt\bcrypt-4.0.0-cp36-abi3-musllinux_1_1_aarch64.whl ,download success£º +
D:\code\pythonlib\acondalibs\bcrypt\bcrypt-4.0.0-cp36-abi3-musllinux_1_1_x86_64.whl ,download success£º +
D:\code\pythonlib\acondalibs\bcrypt\bcrypt-4.0.0-cp36-abi3-win32.whl ,download success£º +
D:\code\pythonlib\acondalibs\bcrypt\bcrypt-4.0.0-cp36-abi3-win_amd64.whl ,download success£º +
D:\code\pythonlib\acondalibs\bcrypt\bcrypt-4.0.0.tar.gz ,download success£º +
D:\code\pythonlib\acondalibs\bcrypt\bcrypt-4.0.1-cp36-abi3-macosx_10_10_universal2.whl ,download success£º +
D:\code\pythonlib\acondalibs\bcrypt\bcrypt-4.0.1-cp36-abi3-manylinux_2_17_aarch64.manylinux2014_aarch64.manylinux_2_24_aarch64.whl ,download success£º +
D:\code\pythonlib\acondalibs\bcrypt\bcrypt-4.0.1-cp36-abi3-manylinux_2_17_aarch64.manylinux2014_aarch64.whl ,download success£º +
D:\code\pythonlib\acondalibs\bcrypt\bcrypt-4.0.1-cp36-abi3-manylinux_2_17_x86_64.manylinux2014_x86_64.whl ,download success£º +
D:\code\pythonlib\acondalibs\bcrypt\bcrypt-4.0.1-cp36-abi3-manylinux_2_24_x86_64.whl ,download success£º +
D:\code\pythonlib\acondalibs\bcrypt\bcrypt-4.0.1-cp36-abi3-manylinux_2_28_aarch64.whl ,download success£º +
D:\code\pythonlib\acondalibs\bcrypt\bcrypt-4.0.1-cp36-abi3-manylinux_2_28_x86_64.whl ,download success£º +
D:\code\pythonlib\acondalibs\bcrypt\bcrypt-4.0.1-cp36-abi3-musllinux_1_1_aarch64.whl ,download success£º +
D:\code\pythonlib\acondalibs\bcrypt\bcrypt-4.0.1-cp36-abi3-musllinux_1_1_x86_64.whl ,download success£º +
D:\code\pythonlib\acondalibs\bcrypt\bcrypt-4.0.1-cp36-abi3-win32.whl ,download success£º +
D:\code\pythonlib\acondalibs\bcrypt\bcrypt-4.0.1-cp36-abi3-win_amd64.whl ,download success£º +
D:\code\pythonlib\acondalibs\bcrypt\bcrypt-4.0.1-pp37-pypy37_pp73-manylinux_2_17_x86_64.manylinux2014_x86_64.whl ,download success£º +
D:\code\pythonlib\acondalibs\bcrypt\bcrypt-4.0.1-pp37-pypy37_pp73-manylinux_2_24_x86_64.whl ,download success£º +
D:\code\pythonlib\acondalibs\bcrypt\bcrypt-4.0.1-pp37-pypy37_pp73-manylinux_2_28_x86_64.whl ,download success£º +
D:\code\pythonlib\acondalibs\bcrypt\bcrypt-4.0.1-pp38-pypy38_pp73-manylinux_2_17_x86_64.manylinux2014_x86_64.whl ,download success£º +
D:\code\pythonlib\acondalibs\bcrypt\bcrypt-4.0.1-pp38-pypy38_pp73-manylinux_2_24_x86_64.whl ,download success£º +
D:\code\pythonlib\acondalibs\bcrypt\bcrypt-4.0.1-pp38-pypy38_pp73-manylinux_2_28_x86_64.whl ,download success£º +
D:\code\pythonlib\acondalibs\bcrypt\bcrypt-4.0.1-pp39-pypy39_pp73-manylinux_2_17_x86_64.manylinux2014_x86_64.whl ,download success£º +
D:\code\pythonlib\acondalibs\bcrypt\bcrypt-4.0.1-pp39-pypy39_pp73-manylinux_2_24_x86_64.whl ,download success£º +
D:\code\pythonlib\acondalibs\bcrypt\bcrypt-4.0.1-pp39-pypy39_pp73-manylinux_2_28_x86_64.whl ,download success£º +
D:\code\pythonlib\acondalibs\bcrypt\bcrypt-4.0.1.tar.gz ,download success£º +
D:\code\pythonlib\acondalibs\beautifulsoup4\beautifulsoup4-4.9.1-py2-none-any.whl ,download success£º +
D:\code\pythonlib\acondalibs\beautifulsoup4\beautifulsoup4-4.9.1-py3-none-any.whl ,download success£º +
D:\code\pythonlib\acondalibs\beautifulsoup4\beautifulsoup4-4.9.1.tar.gz ,download success£º +
D:\code\pythonlib\acondalibs\beautifulsoup4\beautifulsoup4-4.9.2-py2-none-any.whl ,download success£º +
D:\code\pythonlib\acondalibs\beautifulsoup4\beautifulsoup4-4.9.2-py3-none-any.whl ,download success£º +
D:\code\pythonlib\acondalibs\beautifulsoup4\beautifulsoup4-4.9.2.tar.gz ,download success£º +
D:\code\pythonlib\acondalibs\beautifulsoup4\beautifulsoup4-4.9.3-py2-none-any.whl ,download success£º +
D:\code\pythonlib\acondalibs\beautifulsoup4\beautifulsoup4-4.9.3-py3-none-any.whl ,download success£º +
D:\code\pythonlib\acondalibs\beautifulsoup4\beautifulsoup4-4.9.3.tar.gz ,download success£º +
D:\code\pythonlib\acondalibs\binaryornot\binaryornot-0.4.2-py2.py3-none-any.whl ,download success£º +
D:\code\pythonlib\acondalibs\binaryornot\binaryornot-0.4.2.tar.gz ,download success£º +
D:\code\pythonlib\acondalibs\binaryornot\binaryornot-0.4.3-py2.py3-none-any.whl ,download success£º +
D:\code\pythonlib\acondalibs\binaryornot\binaryornot-0.4.3.tar.gz ,download success£º +
D:\code\pythonlib\acondalibs\binaryornot\binaryornot-0.4.4-py2.py3-none-any.whl ,download success£º +
D:\code\pythonlib\acondalibs\binaryornot\binaryornot-0.4.4.tar.gz ,download success£º +
